<?xml version="1.0" encoding="UTF-8"?>
<!-- Generated by org.testng.reporters.JUnitReportReporter -->
<testsuite hostname="DESKTOP-PH6KLPD" failures="0" tests="1" name="Testngscripts.ListenerImplementetion" time="23.272" errors="0" timestamp="2023-07-05T05:19:24 GMT-07:00" skipped="0">
  <testcase classname="Testngscripts.ListenerImplementetion" name="createdcustomer" time="23.272">
    <system-out>
      <![CDATA[created customer successfull]]>
    </system-out>
  </testcase> <!-- createdcustomer -->
  <system-out>
    <![CDATA[datadaseconnected
lauch the browser
login is successfully
created customer successfull
logout successfull
close the browser
disconnect database]]>
  </system-out>
</testsuite> <!-- Testngscripts.ListenerImplementetion -->
