<?xml version="1.0" encoding="UTF-8"?>
<!-- Generated by org.testng.reporters.JUnitReportReporter -->
<testsuite hostname="DESKTOP-PH6KLPD" failures="0" tests="1" name="Testngscripts.Titlecompare" time="15.473" errors="0" timestamp="2023-07-05T03:02:06 GMT-07:00" skipped="0">
  <testcase classname="Testngscripts.Titlecompare" name="titlecompare" time="15.473"/>
</testsuite> <!-- Testngscripts.Titlecompare -->
