<?xml version="1.0" encoding="UTF-8"?>
<!-- Generated by org.testng.reporters.JUnitReportReporter -->
<testsuite hostname="DESKTOP-PH6KLPD" failures="0" tests="1" name="Testngscripts.Baseclass" time="78.332" errors="0" timestamp="2023-07-05T00:14:19 GMT-07:00" skipped="0">
  <testcase classname="Testngscripts.Baseclass" name="createdcustomer" time="78.332">
    <system-out>
      <![CDATA[created customer successfull]]>
    </system-out>
  </testcase> <!-- createdcustomer -->
  <system-out>
    <![CDATA[datadaseconnected
lauch the browser
login is successfully
created customer successfull
logout successfull
close the browser
disconnect database]]>
  </system-out>
</testsuite> <!-- Testngscripts.Baseclass -->
