<?xml version="1.0" encoding="UTF-8"?>
<!-- Generated by org.testng.reporters.JUnitReportReporter -->
<testsuite hostname="DESKTOP-PH6KLPD" failures="0" tests="4" name="Testngscripts.Thane" time="47.194" errors="0" timestamp="2023-07-05T00:44:17 GMT-07:00" skipped="0">
  <testcase classname="Testngscripts.Thane" name="createdcustomer" time="8.485">
    <system-out>
      <![CDATA[created customer successfull]]>
    </system-out>
  </testcase> <!-- createdcustomer -->
  <testcase classname="Testngscripts.Thane" name="Mayabhai" time="18.965">
    <system-out>
      <![CDATA[Thane is beautiful]]>
    </system-out>
  </testcase> <!-- Mayabhai -->
  <testcase classname="Testngscripts.Thane" name="MSDhoni" time="9.015">
    <system-out>
      <![CDATA[captain cool]]>
    </system-out>
  </testcase> <!-- MSDhoni -->
  <testcase classname="Testngscripts.Thane" name="pune" time="10.729">
    <system-out>
      <![CDATA[pune is beautiful]]>
    </system-out>
  </testcase> <!-- pune -->
  <system-out>
    <![CDATA[datadaseconnected
lauch the browser
login is successfully
created customer successfull
logout successfull
login is successfully
captain cool
logout successfull
login is successfully
Thane is beautiful
logout successfull
login is successfully
pune is beautiful
logout successfull
close the browser
disconnect database]]>
  </system-out>
</testsuite> <!-- Testngscripts.Thane -->
